[22Jan2025 00:00:01.512] [Server thread/INFO] [net.minecraft.server.dedicated.DedicatedServer/]: Starting minecraft server version 1.16.5
[22Jan2025 00:00:01.549] [Server thread/INFO] [net.minecraft.server.dedicated.DedicatedServer/]: Loading properties
[22Jan2025 00:00:01.549] [Server thread/INFO] [net.minecraft.server.dedicated.DedicatedServer/]: Default game type: SURVIVAL
[22Jan2025 00:00:01.549] [Server thread/INFO] [net.minecraft.server.MinecraftServer/]: Generating keypair
[22Jan2025 00:00:02.035] [Server thread/INFO] [net.minecraft.server.dedicated.DedicatedServer/]: Starting Minecraft server on *:25565
[22Jan2025 00:00:02.155] [Server thread/INFO] [net.minecraft.network.NetworkSystem/]: Using epoll channel type
[22Jan2025 00:00:02.457] [Server thread/WARN] [net.minecraft.server.dedicated.DedicatedServer/]: **** SERVER IS RUNNING IN OFFLINE/INSECURE MODE!
[22Jan2025 00:00:02.458] [Server thread/WARN] [net.minecraft.server.dedicated.DedicatedServer/]: The server will make no attempt to authenticate usernames. Beware.
[22Jan2025 00:00:02.458] [Server thread/WARN] [net.minecraft.server.dedicated.DedicatedServer/]: While this makes the game possible to play without internet access, it also opens up the ability for hackers to connect with any username they choose.
[22Jan2025 00:00:02.459] [Server thread/WARN] [net.minecraft.server.dedicated.DedicatedServer/]: To change this, set "online-mode" to "true" in the server.properties file.
[22Jan2025 00:00:02.730] [Server thread/INFO] [STDOUT/]: [tschipp.carryon.common.handler.ListHandler:initConfigLists:282]: [chipped:black_stained_glass, forge:glass_panes/magenta, chipped:lime_terracotta, chipped:light_blue_concrete, valhelsia_structures:jars, chipped:dark_oak_planks, chipped:light_gray_stained_glass_pane, forge:storage_blocks/netherite, forge:glass_panes/white, chipped:black_stained_glass_pane, chipped:green_concrete, chipped:yellow_stained_glass_pane, forge:terracotta/lime, chipped:gilded_blackstone, forge:glass_panes/light_gray, securitycraft:reinforced/sand, chipped:jack_o_lantern, alexsmobs:roadrunner_spawns, chipped:light_gray_wool, minecraft:dragon_immune, forge:glass/pink, forge:chests, forge:storage_blocks/emerald, forge:ores/redstone, chipped:white_carpet, forge:glass/red, chipped:nether_wart_block, chipped:red_mushroom_block, chipped:blackstone, forge:glass_panes/green, carryon:block_blacklist, chipped:red_concrete, minecraft:prevent_mob_spawning_inside, forge:chests/trapped, forge:fence_gates, forge:sandstone, forge:glass_panes/colorless, securitycraft:reinforced/crimson_stems, chipped:cyan_stained_glass_pane, chipped:end_stone, chipped:magenta_stained_glass_pane, chipped:cyan_terracotta, twilightforest:antibuilder_ignores, chipped:warped_planks, forge:storage_blocks/lapis, minecraft:beds, forge:ores/diamond, chipped:brown_concrete, minecraft:doors, minecraft:infiniburn_overworld, chipped:green_carpet, minecraft:flower_pots, chipped:melon, forge:terracotta/orange, chipped:black_concrete, chipped:pink_stained_glass, chipped:cyan_concrete, tombstone:grave_marbles, chipped:red_wool, forge:terracotta/blue, alexsmobs:seal_digables, forge:glass/white, minecraft:signs, forge:glass_panes/red, chipped:pink_terracotta, chipped:redstone_lamp, minecraft:wither_summon_base_blocks, chipped:magenta_wool, chipped:magenta_terracotta, alexsmobs:mimic_octopus_spawns, minecraft:hoglin_repellents, chipped:spruce_planks, chipped:lantern, chipped:magenta_concrete, chipped:orange_stained_glass, forge:sand/colorless, securitycraft:reinforced/warped_stems, alexsmobs:komodo_dragon_spawns, forge:terracotta/red, chipped:purple_wool, chipped:nether_sprouts, alexsmobs:mantis_shrimp_spawns, chipped:light_gray_carpet, chipped:blue_terracotta, chipped:lime_wool, minecraft:soul_speed_blocks, twilightforest:antibuilder_blacklist, securitycraft:reinforced/wooden_slabs, alexsmobs:lobster_spawns, minecraft:walls, minecraft:coral_blocks, forge:glass/green, alexsmobs:cachalot_whale_breakables, valhelsia_structures:colored_jars, minecraft:underwater_bonemeals, securitycraft:secret_standing_signs, tombstone:player_graves, minecraft:impermeable, minecraft:sand, forge:end_stones, chipped:crimson_fungus, chipped:yellow_carpet, forge:sandstone/colorless, chipped:gray_concrete, forge:wg_stone, forge:fences/wooden, sereneseasons:summer_crops, forge:wg_sediment, minecraft:campfires, forge:storage_blocks, minecraft:infiniburn_nether, forge:glass_panes/orange, chipped:green_stained_glass_pane, forge:ores/quartz, chipped:red_sandstone, chipped:glowstone, forge:glass/blue, chipped:soul_sand, minecraft:wooden_trapdoors, securitycraft:reinforced/wooden_buttons, forge:storage_blocks/coal, forge:glass/light_blue, forge:terracotta/purple, chipped:green_stained_glass, forge:storage_blocks/redstone, forge:terracotta/black, chipped:light_blue_carpet, minecraft:stairs, alexsmobs:grizzly_beehive, chipped:white_stained_glass, sereneseasons:unbreakable_infertile_crops, minecraft:logs, forge:sandstone/red, chipped:oak_planks, securitycraft:reinforced/planks, alexsmobs:crocodile_spawns, minecraft:valid_spawn, minecraft:mushroom_grow_block, minecraft:wooden_doors, chipped:lime_carpet, forge:terracotta/light_blue, chipped:brown_mushroom_block, sereneseasons:autumn_crops, forge:glass/purple, minecraft:crimson_stems, chipped:purple_stained_glass_pane, chipped:shroomlight, chipped:red_terracotta, alexsmobs:gorilla_breakables, chipped:crimson_planks, chipped:obsidian, chipped:yellow_stained_glass, minecraft:beacon_base_blocks, securitycraft:secret_wall_signs, alexsmobs:orca_breakables, chipped:soul_lantern, securitycraft:secret_signs, minecraft:anvil, chipped:white_concrete, forge:sand, sereneseasons:greenhouse_glass, minecraft:wall_corals, securitycraft:reinforced/jungle_logs, chipped:gray_stained_glass, alexsmobs:elephant_foodblocks, chipped:light_blue_terracotta, forge:ores/gold, forge:terracotta/magenta, securitycraft:reinforced/wooden_fences, chipped:granite, minecraft:piglin_repellents, forge:glass/black, minecraft:portals, chipped:green_terracotta, securitycraft:reinforced/spruce_logs, forge:fences/nether_brick, chipped:blue_stained_glass_pane, chipped:pink_wool, chipped:brown_terracotta, chipped:acacia_planks, forge:glass/lime, forge:chests/wooden, forge:ores/iron, chipped:orange_terracotta, chipped:red_nether_bricks, chipped:birch_planks, chipped:vine, chipped:lime_concrete, minecraft:wooden_stairs, securitycraft:reinforced/stone_bricks, minecraft:base_stone_overworld, minecraft:carpets, minecraft:wooden_buttons, alexsmobs:crow_foodblocks, forge:terracotta/cyan, minecraft:stone_bricks, forge:storage_blocks/quartz, forge:glass/orange, securitycraft:reinforced/terracotta, chipped:pink_concrete, minecraft:slabs, minecraft:guarded_by_piglins, forge:ores/emerald, securitycraft:reinforced/stone_pressure_plates, chipped:red_mushroom, minecraft:corals, minecraft:buttons, forge:terracotta/green, chipped:blue_wool, minecraft:rails, securitycraft:reinforced/buttons, forge:barrels/wooden, minecraft:strider_warm_blocks, chipped:crying_obsidian, minecraft:bee_growables, minecraft:wooden_pressure_plates, minecraft:tall_flowers, chipped:red_carpet, minecraft:stone_pressure_plates, minecraft:gold_ores, valhelsia_structures:posts, forge:glass_panes/pink, chipped:lime_stained_glass, forge:netherrack, securitycraft:reinforced/carpets, minecraft:soul_fire_base_blocks, chipped:brown_stained_glass_pane, chipped:andesite, securitycraft:reinforced/oak_logs, chipped:gray_stained_glass_pane, chipped:lily_pad, chipped:yellow_terracotta, forge:terracotta/white, tombstone:decorative_graves, securitycraft:reinforced/wool, forge:gravel, forge:glass_panes/cyan, chipped:cyan_wool, minecraft:wool, chipped:cyan_stained_glass, forge:glass/colorless, minecolonies:protectionexception, chipped:clay, minecraft:beehives, forge:glass_panes/light_blue, minecraft:ice, forge:ores/netherite_scrap, minecraft:crops, chipped:stone, alexsmobs:alligator_snapping_turtle_spawns, chipped:gray_wool, forge:stained_glass, chipped:purple_stained_glass, chipped:purple_terracotta, minecraft:warped_stems, forge:storage_blocks/iron, securitycraft:reinforced/cobblestone, forge:glass_panes/brown, chipped:brown_carpet, minecraft:climbable, chipped:netherrack, minecraft:dark_oak_logs, minecraft:coral_plants, forge:glass_panes, minecraft:non_flammable_wood, forge:braziers, securitycraft:reinforced/ice, chipped:blue_stained_glass, chipped:pink_stained_glass_pane, alexsmobs:drops_bananas, chipped:gray_carpet, chipped:cyan_carpet, securitycraft:reinforced/fences, minecraft:fences, minecraft:saplings, forge:ores/copper, minecraft:unstable_bottom_center, chipped:white_terracotta, minecraft:enderman_holdable, minecraft:banners, minecraft:wooden_fences, chipped:hay_block, alexsmobs:rattlesnake_spawns, minecraft:wall_post_override, chipped:purple_carpet, forge:obsidian, chipped:dried_kelp_block, forge:enderman_place_on_blacklist, chipped:green_wool, alexsmobs:kangaroo_spawns, securitycraft:reinforced/stone, chipped:prismarine, forge:glass/magenta, chipped:torch, forge:ores/coal, minecraft:fire, forge:terracotta/yellow, minecraft:base_stone_nether, minecraft:wall_signs, chipped:gray_terracotta, securitycraft:reinforced/dark_oak_logs, carryon:block_whitelist, chipped:white_wool, alexsmobs:drops_acacia_blossoms, securitycraft:reinforced/wooden_stairs, minecraft:trapdoors, forge:glass/cyan, alexsmobs:crow_fears, forge:glass, securitycraft:reinforced/nylium, chipped:black_carpet, chipped:yellow_wool, minecraft:leaves, forge:glass_panes/gray, minecraft:wither_immune, chipped:black_terracotta, minecraft:acacia_logs, forge:terracotta/gray, forge:stained_glass_panes, capsule:excluded, forge:sand/red, alexsmobs:emu_spawns, forge:glass/brown, chipped:sea_lantern, chipped:light_gray_terracotta, minecraft:logs_that_burn, forge:glass/gray, forge:glass/light_gray, chipped:light_blue_wool, minecraft:wooden_slabs, alexsmobs:platypus_spawns, chipped:red_stained_glass_pane, securitycraft:reinforced/logs, minecraft:small_flowers, chipped:orange_stained_glass_pane, chipped:pink_carpet, forge:glass_panes/black, securitycraft:reinforced/dirt, chipped:diorite, securitycraft:reinforced/wooden_fence_gates, chipped:light_blue_stained_glass, sereneseasons:winter_crops, chipped:orange_concrete, forge:glass_panes/blue, chipped:sandstone, forge:terracotta/light_gray, forge:stone, chipped:pumpkin, minecraft:standing_signs, minecraft:infiniburn_end, chipped:warped_wart_block, securitycraft:reinforced/end_stones, forge:glass_panes/yellow, alexsmobs:soul_vulture_spawns, securitycraft:reinforced/stairs, minecraft:wart_blocks, alexsmobs:leafcutter_ant_breakables, chipped:cobweb, chipped:brown_stained_glass, forge:marble, alexsmobs:seal_spawns, chipped:nether_bricks, minecraft:shulker_boxes, alexsmobs:mungus_replace_mushroom, chipped:orange_wool, valhelsia_structures:cut_posts, forge:ores/silver, minecraft:birch_logs, chipped:crimson_roots, iceandfire:myrmex_harvestables, forge:glass_panes/purple, forge:glass/yellow, chipped:purple_concrete, chipped:lime_stained_glass_pane, chipped:redstone_torch, chipped:carved_pumpkin, forge:wg_clay, minecraft:oak_logs, chipped:magenta_carpet, forge:barrels, chipped:yellow_concrete, forge:wg_erodible, forge:ores/lapis, chipped:light_blue_stained_glass_pane, securitycraft:reinforced/wooden_pressure_plates, alexsmobs:mungus_replace_nether, chipped:blue_concrete, securitycraft:reinforced/slabs, chipped:orange_carpet, forge:dirt, minecraft:bamboo_plantable_on, minecraft:pressure_plates, chipped:glass_pane, minecraft:jungle_logs, tombstone:graves, chipped:white_stained_glass_pane, chipped:light_gray_concrete, forge:chests/ender, chipped:black_wool, forge:wg_dirt, minecraft:spruce_logs, chipped:glass, chipped:cobblestone, chipped:purpur_block, forge:fence_gates/wooden, chipped:brown_mushroom, securitycraft:reinforced/birch_logs, forge:glass_panes/lime, chipped:magenta_stained_glass, sereneseasons:spring_crops, chipped:warped_roots, chipped:brown_wool, chipped:red_stained_glass, chipped:light_gray_stained_glass, chipped:dark_prismarine, minecraft:flowers, alexsmobs:void_worm_breakables, minecraft:planks, forge:cobblestone, forge:terracotta/brown, chipped:blue_carpet, securitycraft:reinforced/acacia_logs, alexsmobs:soul_vulture_perches, forge:storage_blocks/gold, minecraft:fence_gates, chipped:basalt, forge:ores, chipped:quartz_block, chipped:warped_fungus, forge:fences, securitycraft:reinforced/glass_panes, valhelsia_structures:non_flammable_posts, forge:storage_blocks/diamond, minecraft:nylium, alexsmobs:warped_mosco_breakables, forge:terracotta/pink, forge:terracotta, chipped:jungle_planks, securitycraft:reinforced/pressure_plates]
[22Jan2025 00:00:04.254] [Server thread/INFO] [net.minecraft.server.dedicated.DedicatedServer/]: Preparing level "world"
[22Jan2025 00:00:06.243] [Netty Epoll Server IO #1/INFO] [net.minecraftforge.fml.server.ServerLifecycleHooks/SERVERHOOKS]: Disconnecting Player (server is still starting): Server is still starting! Please wait before reconnecting.
[22Jan2025 00:00:06.799] [Server thread/WARN] [net.minecraft.network.datasync.EntityDataManager/]: defineId called for: class com.github.alexthe666.alexsmobs.entity.EntityVoidWorm from class com.github.alexthe666.alexsmobs.entity.EntityVoidPortal
[22Jan2025 00:00:07.359] [Server thread/INFO] [net.minecraft.server.MinecraftServer/]: Preparing start region for dimension minecraft:overworld
[22Jan2025 00:00:09.328] [Netty Epoll Server IO #2/INFO] [net.minecraftforge.fml.server.ServerLifecycleHooks/SERVERHOOKS]: Disconnecting Player (server is still starting): Server is still starting! Please wait before reconnecting.
[22Jan2025 00:00:12.749] [Netty Epoll Server IO #3/INFO] [net.minecraftforge.fml.server.ServerLifecycleHooks/SERVERHOOKS]: Disconnecting Player (server is still starting): Server is still starting! Please wait before reconnecting.
[22Jan2025 00:00:14.112] [Server thread/INFO] [net.minecraft.world.chunk.listener.LoggingChunkStatusListener/]: Preparing spawn area: 0%
[22Jan2025 00:00:14.113] [Server thread/INFO] [net.minecraft.world.chunk.listener.LoggingChunkStatusListener/]: Preparing spawn area: 0%
[22Jan2025 00:00:14.114] [Server thread/INFO] [net.minecraft.world.chunk.listener.LoggingChunkStatusListener/]: Preparing spawn area: 0%
[22Jan2025 00:00:14.115] [Server thread/INFO] [net.minecraft.world.chunk.listener.LoggingChunkStatusListener/]: Preparing spawn area: 0%
[22Jan2025 00:00:14.116] [Server thread/INFO] [net.minecraft.world.chunk.listener.LoggingChunkStatusListener/]: Preparing spawn area: 0%
[22Jan2025 00:00:14.116] [Server thread/INFO] [net.minecraft.world.chunk.listener.LoggingChunkStatusListener/]: Preparing spawn area: 0%
[22Jan2025 00:00:14.125] [Server thread/INFO] [net.minecraft.world.chunk.listener.LoggingChunkStatusListener/]: Preparing spawn area: 0%
[22Jan2025 00:00:14.127] [Server thread/INFO] [net.minecraft.world.chunk.listener.LoggingChunkStatusListener/]: Preparing spawn area: 0%
[22Jan2025 00:00:14.128] [Server thread/INFO] [net.minecraft.world.chunk.listener.LoggingChunkStatusListener/]: Preparing spawn area: 0%
[22Jan2025 00:00:14.129] [Server thread/INFO] [net.minecraft.world.chunk.listener.LoggingChunkStatusListener/]: Preparing spawn area: 0%
[22Jan2025 00:00:14.130] [Server thread/INFO] [net.minecraft.world.chunk.listener.LoggingChunkStatusListener/]: Preparing spawn area: 0%
[22Jan2025 00:00:14.131] [Server thread/INFO] [net.minecraft.world.chunk.listener.LoggingChunkStatusListener/]: Preparing spawn area: 0%
[22Jan2025 00:00:14.132] [Server thread/INFO] [net.minecraft.world.chunk.listener.LoggingChunkStatusListener/]: Preparing spawn area: 0%
[22Jan2025 00:00:14.133] [Server thread/INFO] [net.minecraft.world.chunk.listener.LoggingChunkStatusListener/]: Preparing spawn area: 0%
[22Jan2025 00:00:14.385] [Worker-Main-2/INFO] [net.minecraft.world.chunk.listener.LoggingChunkStatusListener/]: Preparing spawn area: 0%
[22Jan2025 00:00:15.022] [Worker-Main-2/INFO] [net.minecraft.world.chunk.listener.LoggingChunkStatusListener/]: Preparing spawn area: 0%
[22Jan2025 00:00:15.547] [Server thread/INFO] [net.minecraft.world.chunk.listener.LoggingChunkStatusListener/]: Preparing spawn area: 0%
[22Jan2025 00:00:15.971] [Netty Epoll Server IO #0/INFO] [net.minecraftforge.fml.server.ServerLifecycleHooks/SERVERHOOKS]: Disconnecting Player (server is still starting): Server is still starting! Please wait before reconnecting.
[22Jan2025 00:00:16.534] [Server thread/INFO] [net.minecraft.world.chunk.listener.LoggingChunkStatusListener/]: Time elapsed: 9173 ms
[22Jan2025 00:00:16.537] [Server thread/INFO] [net.minecraft.server.dedicated.DedicatedServer/]: Done (14.002s)! For help, type "help"
[22Jan2025 00:00:16.748] [Server thread/INFO] [magistu.siegemachines.SiegeMachines/]: HELLO from server starting
[22Jan2025 00:00:16.954] [Server thread/INFO] [Astral Sorcery/]: Loaded PerkTree!
[22Jan2025 00:00:18.216] [Server thread/INFO] [com.github.alexthe666.iceandfire.IceAndFire/]: {SPAWN_DRAGON_SKELETON_I_CF=true, HYDRA_CAVE_CF=true, SPAWN_SEA_SERPENT_CF=true, SPAWN_STYMPHALIAN_BIRD_CF=true, SPAWN_WANDERING_CYCLOPS_CF=true, PIXIE_VILLAGE_CF=false, SPAWN_DEATH_WORM_CF=true, FIRE_DRAGON_CAVE_CF=true, SIREN_ISLAND_CF=true, MYRMEX_HIVE_DESERT_CF=true, SPAWN_HIPPOCAMPUS_CF=true, FIRE_DRAGON_ROOST_CF=true, MYRMEX_HIVE_JUNGLE_CF=true, GORGON_TEMPLE_CF=true, COPPER_ORE_CF=true, SILVER_ORE_CF=true, LIGHTNING_DRAGON_CAVE_CF=true, SPAWN_DRAGON_SKELETON_F_CF=true, AMETHYST_ORE_CF=true, SPAWN_DRAGON_SKELETON_L_CF=true, LIGHTNING_LILY_CF=true, MAUSOLEUM_CF=true, ICE_DRAGON_CAVE_CF=true, GRAVEYARD_CF=true, SAPPHIRE_ORE_CF=true, LIGHTNING_DRAGON_ROOST_CF=true, CYCLOPS_CAVE_CF=true, FROST_LILY_CF=true, FIRE_LILY_CF=true, ICE_DRAGON_ROOST_CF=true}
[22Jan2025 00:00:18.217] [Server thread/INFO] [com.github.alexthe666.iceandfire.IceAndFire/]: {TROLL_S=true, HIPPOGRYPH=true, AMPHITHERE=true, COCKATRICE=true, TROLL_M=true, DREAD_LICH=true, TROLL_F=true}
[22Jan2025 00:00:18.260] [Server thread/INFO] [ObserverLib/]: Load CachedWorldData 'lightnetwork' for world minecraft:overworld
[22Jan2025 00:00:18.574] [Server thread/INFO] [ObserverLib/]: Loading of 'lightnetwork' for world minecraft:overworld finished.
[22Jan2025 00:00:21.486] [Server thread/INFO] [net.minecraftforge.coremod.CoreMod.astralsorcery/COREMODLOG]: Adding 'reach_set_server_entity_interact' ASM patch...
[22Jan2025 00:00:21.504] [Server thread/INFO] [net.minecraftforge.coremod.CoreMod.astralsorcery/COREMODLOG]: Added 'reach_set_server_entity_interact' ASM patch!
[22Jan2025 00:00:28.376] [Server thread/INFO] [net.minecraftforge.common.AdvancementLoadFix/]: Using new advancement loading for net.minecraft.advancements.PlayerAdvancements@7be35f10
[22Jan2025 00:00:28.624] [Server thread/INFO] [net.minecraft.server.management.PlayerList/]: alexAJP[/127.54.24.30:54157] logged in with entity id 448 at (1214.3314778034844, 50.0, -1413.3592172111105)
[22Jan2025 00:00:28.737] [Server thread/INFO] [net.minecraft.server.dedicated.DedicatedServer/]: [Victor y Joel] [Miembro] alexAJP ③ joined the game
[22Jan2025 00:00:29.413] [Server thread/INFO] [harmonised.pmmo.ProjectMMOMod/]: Project MMO version: "3.69.0" Latest: "3.67"
[22Jan2025 00:00:31.055] [Server thread/WARN] [net.minecraft.server.MinecraftServer/]: Can't keep up! Is the server overloaded? Running 3088ms or 61 ticks behind
[22Jan2025 00:00:56.527] [Server thread/INFO] [net.minecraftforge.common.AdvancementLoadFix/]: Using new advancement loading for net.minecraft.advancements.PlayerAdvancements@b81e8d
[22Jan2025 00:00:56.702] [Server thread/INFO] [net.minecraft.server.management.PlayerList/]: jony33D[/127.200.59.155:44685] logged in with entity id 772 at (939.9338001542968, 64.48399998688697, 855.9127556311267)
[22Jan2025 00:00:56.774] [Server thread/INFO] [net.minecraft.server.dedicated.DedicatedServer/]: [CREADOR] [PeneTactico] jony33D ② joined the game
[22Jan2025 00:00:57.072] [Server thread/INFO] [harmonised.pmmo.ProjectMMOMod/]: Project MMO version: "3.69.0" Latest: "3.67"
[22Jan2025 00:01:14.590] [Server thread/WARN] [net.minecraft.server.MinecraftServer/]: Can't keep up! Is the server overloaded? Running 28573ms or 571 ticks behind
[22Jan2025 00:01:50.320] [Server thread/WARN] [net.minecraft.server.MinecraftServer/]: Can't keep up! Is the server overloaded? Running 20752ms or 415 ticks behind
[22Jan2025 00:01:53.034] [Server thread/INFO] [net.minecraftforge.common.AdvancementLoadFix/]: Using new advancement loading for net.minecraft.advancements.PlayerAdvancements@6b31112c
[22Jan2025 00:01:53.054] [Server thread/INFO] [net.minecraft.server.management.PlayerList/]: HolaSoyNuev0[/127.4.35.73:56867] logged in with entity id 1545 at (182.5, 69.0, -50.5)
[22Jan2025 00:01:53.073] [Server thread/INFO] [net.minecraft.server.dedicated.DedicatedServer/]: HolaSoyNuev0 joined the game
[22Jan2025 00:01:53.200] [Server thread/INFO] [net.minecraft.server.dedicated.DedicatedServer/]: HolaSoyNuev0 has made the advancement [Easter Egg Searcher]
[22Jan2025 00:01:55.435] [Server thread/INFO] [harmonised.pmmo.ProjectMMOMod/]: Project MMO version: "3.69.0" Latest: "3.67"
[22Jan2025 00:01:55.461] [Server thread/WARN] [net.minecraft.network.play.ServerPlayNetHandler/]: jony33D moved too quickly! -5.497256692320889,0.705521595838448,8.784596795869561
[22Jan2025 00:01:55.633] [Server thread/INFO] [net.minecraft.server.dedicated.DedicatedServer/]: HolaSoyNuev0 has made the advancement [Ice and Fire]
[22Jan2025 00:02:07.151] [Server thread/WARN] [net.minecraft.world.server.ServerWorld/]: Trying to add entity with duplicated UUID 6b6284dc-a80d-40c1-9247-7326c0b43cfb. Existing alexsmobs:gazelle#1762, new: alexsmobs:gazelle#1792
[22Jan2025 00:02:07.158] [Server thread/WARN] [net.minecraft.world.server.ServerWorld/]: Trying to add entity with duplicated UUID b847cd64-ef35-4e63-aaaa-02ec8fd45f1b. Existing alexsmobs:gazelle#1791, new: alexsmobs:gazelle#1801
[22Jan2025 00:02:27.457] [Server thread/WARN] [net.minecraft.server.MinecraftServer/]: Can't keep up! Is the server overloaded? Running 22140ms or 442 ticks behind
[22Jan2025 00:02:52.719] [Server thread/WARN] [net.minecraft.server.MinecraftServer/]: Can't keep up! Is the server overloaded? Running 10302ms or 206 ticks behind
[22Jan2025 00:03:30.978] [Server thread/WARN] [net.minecraft.server.MinecraftServer/]: Can't keep up! Is the server overloaded? Running 2060ms or 41 ticks behind
[22Jan2025 00:03:38.770] [Worker-Main-2/INFO] [ObserverLib/]: Load CachedWorldData 'rock-crystals' for world minecraft:overworld
[22Jan2025 00:03:39.082] [Worker-Main-2/INFO] [ObserverLib/]: Loading of 'rock-crystals' for world minecraft:overworld finished.
[22Jan2025 00:03:43.387] [Server thread/WARN] [net.minecraft.server.management.PlayerInteractionManager/]: Mismatch in destroy block pos: BlockPos{x=0, y=0, z=0} BlockPos{x=182, y=68, z=-48}
[22Jan2025 00:03:48.777] [Server thread/WARN] [net.minecraft.server.MinecraftServer/]: Can't keep up! Is the server overloaded? Running 2809ms or 56 ticks behind
[22Jan2025 00:04:07.928] [Server thread/WARN] [net.minecraft.server.MinecraftServer/]: Can't keep up! Is the server overloaded? Running 4160ms or 83 ticks behind
[22Jan2025 00:04:17.044] [Server thread/INFO] [net.minecraft.server.dedicated.DedicatedServer/]: HolaSoyNuev0 has made the advancement [Knowledge of Death]
[22Jan2025 00:04:17.045] [Server thread/INFO] [net.minecraft.server.dedicated.DedicatedServer/]: HolaSoyNuev0 has made the advancement [Easter Food]
[22Jan2025 00:04:17.045] [Server thread/INFO] [net.minecraft.server.dedicated.DedicatedServer/]: HolaSoyNuev0 has made the advancement [Alex's Mobs]
[22Jan2025 00:04:27.267] [Server thread/WARN] [net.minecraft.server.MinecraftServer/]: Can't keep up! Is the server overloaded? Running 4350ms or 87 ticks behind
[22Jan2025 00:04:45.146] [Server thread/WARN] [net.minecraft.server.MinecraftServer/]: Can't keep up! Is the server overloaded? Running 2879ms or 57 ticks behind
[22Jan2025 00:05:02.944] [Server thread/WARN] [net.minecraft.server.MinecraftServer/]: Can't keep up! Is the server overloaded? Running 2826ms or 56 ticks behind
[22Jan2025 00:05:04.471] [Server thread/INFO] [harmonised.pmmo.network.MessageLevelUp/]: HolaSoyNuev0 has reached level 2 in agility! [minecraft:overworld|x:210.28|y:68.17|z:-8.52]
[22Jan2025 00:05:09.506] [Server thread/WARN] [net.minecraft.server.management.PlayerInteractionManager/]: Mismatch in destroy block pos: BlockPos{x=184, y=69, z=30} BlockPos{x=203, y=67, z=-39}
[22Jan2025 00:05:09.611] [Server thread/WARN] [net.minecraft.server.management.PlayerInteractionManager/]: Mismatch in destroy block pos: BlockPos{x=184, y=69, z=30} BlockPos{x=203, y=67, z=-39}
[22Jan2025 00:05:09.661] [Server thread/WARN] [net.minecraft.server.management.PlayerInteractionManager/]: Mismatch in destroy block pos: BlockPos{x=184, y=69, z=30} BlockPos{x=202, y=67, z=-40}
[22Jan2025 00:05:09.756] [Server thread/WARN] [net.minecraft.server.management.PlayerInteractionManager/]: Mismatch in destroy block pos: BlockPos{x=184, y=69, z=30} BlockPos{x=202, y=67, z=-41}
[22Jan2025 00:05:10.200] [Server thread/WARN] [net.minecraft.server.management.PlayerInteractionManager/]: Mismatch in destroy block pos: BlockPos{x=184, y=69, z=30} BlockPos{x=203, y=68, z=-42}
[22Jan2025 00:05:10.429] [Server thread/WARN] [net.minecraft.server.management.PlayerInteractionManager/]: Mismatch in destroy block pos: BlockPos{x=184, y=69, z=30} BlockPos{x=203, y=68, z=-43}
[22Jan2025 00:05:12.173] [Server thread/WARN] [net.minecraft.server.management.PlayerInteractionManager/]: Mismatch in destroy block pos: BlockPos{x=184, y=69, z=30} BlockPos{x=207, y=68, z=-52}
[22Jan2025 00:05:12.174] [Server thread/WARN] [net.minecraft.server.management.PlayerInteractionManager/]: Mismatch in destroy block pos: BlockPos{x=184, y=69, z=30} BlockPos{x=207, y=68, z=-53}
[22Jan2025 00:05:12.261] [Server thread/WARN] [net.minecraft.server.management.PlayerInteractionManager/]: Mismatch in destroy block pos: BlockPos{x=184, y=69, z=30} BlockPos{x=207, y=68, z=-54}
[22Jan2025 00:05:12.691] [Server thread/WARN] [net.minecraft.server.management.PlayerInteractionManager/]: Mismatch in destroy block pos: BlockPos{x=184, y=69, z=30} BlockPos{x=206, y=68, z=-55}
[22Jan2025 00:05:12.729] [Server thread/WARN] [net.minecraft.server.management.PlayerInteractionManager/]: Mismatch in destroy block pos: BlockPos{x=184, y=69, z=30} BlockPos{x=205, y=68, z=-56}
[22Jan2025 00:05:12.843] [Server thread/WARN] [net.minecraft.server.management.PlayerInteractionManager/]: Mismatch in destroy block pos: BlockPos{x=184, y=69, z=30} BlockPos{x=204, y=68, z=-56}
[22Jan2025 00:05:12.882] [Server thread/WARN] [net.minecraft.server.management.PlayerInteractionManager/]: Mismatch in destroy block pos: BlockPos{x=184, y=69, z=30} BlockPos{x=203, y=68, z=-56}
[22Jan2025 00:05:13.228] [Server thread/WARN] [net.minecraft.server.management.PlayerInteractionManager/]: Mismatch in destroy block pos: BlockPos{x=184, y=69, z=30} BlockPos{x=202, y=68, z=-56}
[22Jan2025 00:05:13.229] [Server thread/WARN] [net.minecraft.server.management.PlayerInteractionManager/]: Mismatch in destroy block pos: BlockPos{x=184, y=69, z=30} BlockPos{x=202, y=68, z=-56}
[22Jan2025 00:05:13.292] [Server thread/WARN] [net.minecraft.server.management.PlayerInteractionManager/]: Mismatch in destroy block pos: BlockPos{x=184, y=69, z=30} BlockPos{x=202, y=68, z=-57}
[22Jan2025 00:05:13.389] [Server thread/WARN] [net.minecraft.server.management.PlayerInteractionManager/]: Mismatch in destroy block pos: BlockPos{x=184, y=69, z=30} BlockPos{x=201, y=68, z=-57}
[22Jan2025 00:05:13.579] [Server thread/WARN] [net.minecraft.server.management.PlayerInteractionManager/]: Mismatch in destroy block pos: BlockPos{x=184, y=69, z=30} BlockPos{x=200, y=68, z=-58}
[22Jan2025 00:05:13.844] [Server thread/WARN] [net.minecraft.server.management.PlayerInteractionManager/]: Mismatch in destroy block pos: BlockPos{x=184, y=69, z=30} BlockPos{x=199, y=68, z=-58}
[22Jan2025 00:05:14.045] [Server thread/WARN] [net.minecraft.server.management.PlayerInteractionManager/]: Mismatch in destroy block pos: BlockPos{x=184, y=69, z=30} BlockPos{x=198, y=68, z=-58}
[22Jan2025 00:05:14.140] [Server thread/WARN] [net.minecraft.server.management.PlayerInteractionManager/]: Mismatch in destroy block pos: BlockPos{x=184, y=69, z=30} BlockPos{x=198, y=68, z=-58}
[22Jan2025 00:05:14.141] [Server thread/WARN] [net.minecraft.server.management.PlayerInteractionManager/]: Mismatch in destroy block pos: BlockPos{x=184, y=69, z=30} BlockPos{x=197, y=68, z=-58}
[22Jan2025 00:05:14.143] [Server thread/WARN] [net.minecraft.server.management.PlayerInteractionManager/]: Mismatch in destroy block pos: BlockPos{x=184, y=69, z=30} BlockPos{x=196, y=68, z=-58}
[22Jan2025 00:05:14.144] [Server thread/WARN] [net.minecraft.server.management.PlayerInteractionManager/]: Mismatch in destroy block pos: BlockPos{x=184, y=69, z=30} BlockPos{x=196, y=68, z=-58}
[22Jan2025 00:05:14.478] [Server thread/WARN] [net.minecraft.server.management.PlayerInteractionManager/]: Mismatch in destroy block pos: BlockPos{x=184, y=69, z=30} BlockPos{x=195, y=68, z=-58}
[22Jan2025 00:05:14.481] [Server thread/WARN] [net.minecraft.server.management.PlayerInteractionManager/]: Mismatch in destroy block pos: BlockPos{x=184, y=69, z=30} BlockPos{x=194, y=68, z=-58}
[22Jan2025 00:05:14.566] [Server thread/WARN] [net.minecraft.server.management.PlayerInteractionManager/]: Mismatch in destroy block pos: BlockPos{x=184, y=69, z=30} BlockPos{x=193, y=68, z=-58}
[22Jan2025 00:05:14.642] [Server thread/WARN] [net.minecraft.server.management.PlayerInteractionManager/]: Mismatch in destroy block pos: BlockPos{x=184, y=69, z=30} BlockPos{x=192, y=68, z=-59}
[22Jan2025 00:05:14.692] [Server thread/WARN] [net.minecraft.server.management.PlayerInteractionManager/]: Mismatch in destroy block pos: BlockPos{x=184, y=69, z=30} BlockPos{x=192, y=68, z=-59}
[22Jan2025 00:05:14.820] [Server thread/WARN] [net.minecraft.server.management.PlayerInteractionManager/]: Mismatch in destroy block pos: BlockPos{x=184, y=69, z=30} BlockPos{x=191, y=68, z=-59}
[22Jan2025 00:05:14.862] [Server thread/WARN] [net.minecraft.server.management.PlayerInteractionManager/]: Mismatch in destroy block pos: BlockPos{x=184, y=69, z=30} BlockPos{x=190, y=68, z=-59}
[22Jan2025 00:05:15.076] [Server thread/WARN] [net.minecraft.server.management.PlayerInteractionManager/]: Mismatch in destroy block pos: BlockPos{x=184, y=69, z=30} BlockPos{x=190, y=68, z=-59}
[22Jan2025 00:05:15.124] [Server thread/WARN] [net.minecraft.server.management.PlayerInteractionManager/]: Mismatch in destroy block pos: BlockPos{x=184, y=69, z=30} BlockPos{x=189, y=68, z=-59}
[22Jan2025 00:05:15.187] [Server thread/WARN] [net.minecraft.server.management.PlayerInteractionManager/]: Mismatch in destroy block pos: BlockPos{x=184, y=69, z=30} BlockPos{x=188, y=68, z=-59}
[22Jan2025 00:05:15.265] [Server thread/WARN] [net.minecraft.server.management.PlayerInteractionManager/]: Mismatch in destroy block pos: BlockPos{x=184, y=69, z=30} BlockPos{x=187, y=68, z=-60}
[22Jan2025 00:05:15.939] [Server thread/WARN] [net.minecraft.server.management.PlayerInteractionManager/]: Mismatch in destroy block pos: BlockPos{x=184, y=69, z=30} BlockPos{x=184, y=68, z=-60}
[22Jan2025 00:05:15.940] [Server thread/WARN] [net.minecraft.server.management.PlayerInteractionManager/]: Mismatch in destroy block pos: BlockPos{x=184, y=69, z=30} BlockPos{x=183, y=68, z=-61}
[22Jan2025 00:05:16.033] [Server thread/WARN] [net.minecraft.server.management.PlayerInteractionManager/]: Mismatch in destroy block pos: BlockPos{x=184, y=69, z=30} BlockPos{x=182, y=68, z=-61}
[22Jan2025 00:05:16.079] [Server thread/WARN] [net.minecraft.server.management.PlayerInteractionManager/]: Mismatch in destroy block pos: BlockPos{x=184, y=69, z=30} BlockPos{x=181, y=68, z=-61}
[22Jan2025 00:05:16.299] [Server thread/WARN] [net.minecraft.server.management.PlayerInteractionManager/]: Mismatch in destroy block pos: BlockPos{x=184, y=69, z=30} BlockPos{x=181, y=68, z=-61}
[22Jan2025 00:05:16.384] [Server thread/WARN] [net.minecraft.server.management.PlayerInteractionManager/]: Mismatch in destroy block pos: BlockPos{x=184, y=69, z=30} BlockPos{x=180, y=68, z=-62}
[22Jan2025 00:05:16.466] [Server thread/WARN] [net.minecraft.server.management.PlayerInteractionManager/]: Mismatch in destroy block pos: BlockPos{x=184, y=69, z=30} BlockPos{x=179, y=68, z=-63}
[22Jan2025 00:05:16.467] [Server thread/WARN] [net.minecraft.server.management.PlayerInteractionManager/]: Mismatch in destroy block pos: BlockPos{x=184, y=69, z=30} BlockPos{x=179, y=68, z=-63}
[22Jan2025 00:05:16.554] [Server thread/WARN] [net.minecraft.server.management.PlayerInteractionManager/]: Mismatch in destroy block pos: BlockPos{x=184, y=69, z=30} BlockPos{x=179, y=68, z=-63}
[22Jan2025 00:05:16.616] [Server thread/WARN] [net.minecraft.server.management.PlayerInteractionManager/]: Mismatch in destroy block pos: BlockPos{x=184, y=69, z=30} BlockPos{x=178, y=68, z=-63}
[22Jan2025 00:05:16.901] [Server thread/WARN] [net.minecraft.server.management.PlayerInteractionManager/]: Mismatch in destroy block pos: BlockPos{x=184, y=69, z=30} BlockPos{x=178, y=68, z=-63}
[22Jan2025 00:05:16.902] [Server thread/WARN] [net.minecraft.server.management.PlayerInteractionManager/]: Mismatch in destroy block pos: BlockPos{x=184, y=69, z=30} BlockPos{x=177, y=68, z=-63}
[22Jan2025 00:05:16.903] [Server thread/WARN] [net.minecraft.server.management.PlayerInteractionManager/]: Mismatch in destroy block pos: BlockPos{x=184, y=69, z=30} BlockPos{x=177, y=68, z=-63}
[22Jan2025 00:05:17.168] [Server thread/WARN] [net.minecraft.server.management.PlayerInteractionManager/]: Mismatch in destroy block pos: BlockPos{x=184, y=69, z=30} BlockPos{x=177, y=68, z=-63}
[22Jan2025 00:05:17.169] [Server thread/WARN] [net.minecraft.server.management.PlayerInteractionManager/]: Mismatch in destroy block pos: BlockPos{x=184, y=69, z=30} BlockPos{x=177, y=68, z=-63}
[22Jan2025 00:05:20.496] [Server thread/WARN] [net.minecraft.server.MinecraftServer/]: Can't keep up! Is the server overloaded? Running 2579ms or 51 ticks behind
[22Jan2025 00:05:23.121] [Server thread/WARN] [net.minecraft.server.management.PlayerInteractionManager/]: Mismatch in destroy block pos: BlockPos{x=175, y=68, z=-64} BlockPos{x=177, y=68, z=-60}
[22Jan2025 00:05:23.123] [Server thread/WARN] [net.minecraft.server.management.PlayerInteractionManager/]: Mismatch in destroy block pos: BlockPos{x=175, y=68, z=-64} BlockPos{x=177, y=68, z=-61}
[22Jan2025 00:05:23.124] [Server thread/WARN] [net.minecraft.server.management.PlayerInteractionManager/]: Mismatch in destroy block pos: BlockPos{x=175, y=68, z=-64} BlockPos{x=178, y=68, z=-61}
[22Jan2025 00:05:23.177] [Server thread/WARN] [net.minecraft.server.management.PlayerInteractionManager/]: Mismatch in destroy block pos: BlockPos{x=175, y=68, z=-64} BlockPos{x=178, y=68, z=-61}
[22Jan2025 00:05:23.226] [Server thread/WARN] [net.minecraft.server.management.PlayerInteractionManager/]: Mismatch in destroy block pos: BlockPos{x=175, y=68, z=-64} BlockPos{x=179, y=68, z=-62}
[22Jan2025 00:05:23.287] [Server thread/WARN] [net.minecraft.server.management.PlayerInteractionManager/]: Mismatch in destroy block pos: BlockPos{x=175, y=68, z=-64} BlockPos{x=179, y=68, z=-63}
[22Jan2025 00:05:23.351] [Server thread/WARN] [net.minecraft.server.management.PlayerInteractionManager/]: Mismatch in destroy block pos: BlockPos{x=175, y=68, z=-64} BlockPos{x=179, y=68, z=-63}
[22Jan2025 00:05:23.470] [Server thread/WARN] [net.minecraft.server.management.PlayerInteractionManager/]: Mismatch in destroy block pos: BlockPos{x=175, y=68, z=-64} BlockPos{x=179, y=68, z=-62}
[22Jan2025 00:05:23.472] [Server thread/WARN] [net.minecraft.server.management.PlayerInteractionManager/]: Mismatch in destroy block pos: BlockPos{x=175, y=68, z=-64} BlockPos{x=179, y=68, z=-62}
[22Jan2025 00:05:23.554] [Server thread/WARN] [net.minecraft.server.management.PlayerInteractionManager/]: Mismatch in destroy block pos: BlockPos{x=175, y=68, z=-64} BlockPos{x=179, y=68, z=-62}
[22Jan2025 00:05:23.638] [Server thread/WARN] [net.minecraft.server.management.PlayerInteractionManager/]: Mismatch in destroy block pos: BlockPos{x=175, y=68, z=-64} BlockPos{x=179, y=68, z=-61}
[22Jan2025 00:05:23.862] [Server thread/WARN] [net.minecraft.server.management.PlayerInteractionManager/]: Mismatch in destroy block pos: BlockPos{x=175, y=68, z=-64} BlockPos{x=180, y=68, z=-60}
[22Jan2025 00:05:23.863] [Server thread/WARN] [net.minecraft.server.management.PlayerInteractionManager/]: Mismatch in destroy block pos: BlockPos{x=175, y=68, z=-64} BlockPos{x=180, y=68, z=-60}
[22Jan2025 00:05:23.864] [Server thread/WARN] [net.minecraft.server.management.PlayerInteractionManager/]: Mismatch in destroy block pos: BlockPos{x=175, y=68, z=-64} BlockPos{x=180, y=68, z=-60}
[22Jan2025 00:05:24.041] [Server thread/WARN] [net.minecraft.server.management.PlayerInteractionManager/]: Mismatch in destroy block pos: BlockPos{x=175, y=68, z=-64} BlockPos{x=180, y=68, z=-59}
[22Jan2025 00:05:24.043] [Server thread/WARN] [net.minecraft.server.management.PlayerInteractionManager/]: Mismatch in destroy block pos: BlockPos{x=175, y=68, z=-64} BlockPos{x=180, y=68, z=-59}
[22Jan2025 00:05:24.045] [Server thread/WARN] [net.minecraft.server.management.PlayerInteractionManager/]: Mismatch in destroy block pos: BlockPos{x=175, y=68, z=-64} BlockPos{x=180, y=68, z=-59}
[22Jan2025 00:05:24.167] [Server thread/WARN] [net.minecraft.server.management.PlayerInteractionManager/]: Mismatch in destroy block pos: BlockPos{x=175, y=68, z=-64} BlockPos{x=181, y=68, z=-60}
[22Jan2025 00:05:24.169] [Server thread/WARN] [net.minecraft.server.management.PlayerInteractionManager/]: Mismatch in destroy block pos: BlockPos{x=175, y=68, z=-64} BlockPos{x=181, y=68, z=-60}
[22Jan2025 00:05:24.279] [Server thread/WARN] [net.minecraft.server.management.PlayerInteractionManager/]: Mismatch in destroy block pos: BlockPos{x=175, y=68, z=-64} BlockPos{x=182, y=68, z=-60}
[22Jan2025 00:05:24.282] [Server thread/WARN] [net.minecraft.server.management.PlayerInteractionManager/]: Mismatch in destroy block pos: BlockPos{x=175, y=68, z=-64} BlockPos{x=182, y=68, z=-60}
[22Jan2025 00:05:24.584] [Server thread/WARN] [net.minecraft.server.management.PlayerInteractionManager/]: Mismatch in destroy block pos: BlockPos{x=175, y=68, z=-64} BlockPos{x=182, y=68, z=-59}
[22Jan2025 00:05:24.587] [Server thread/WARN] [net.minecraft.server.management.PlayerInteractionManager/]: Mismatch in destroy block pos: BlockPos{x=175, y=68, z=-64} BlockPos{x=182, y=68, z=-59}
[22Jan2025 00:05:24.589] [Server thread/WARN] [net.minecraft.server.management.PlayerInteractionManager/]: Mismatch in destroy block pos: BlockPos{x=175, y=68, z=-64} BlockPos{x=182, y=68, z=-59}
[22Jan2025 00:05:24.592] [Server thread/WARN] [net.minecraft.server.management.PlayerInteractionManager/]: Mismatch in destroy block pos: BlockPos{x=175, y=68, z=-64} BlockPos{x=183, y=68, z=-58}
[22Jan2025 00:05:24.594] [Server thread/WARN] [net.minecraft.server.management.PlayerInteractionManager/]: Mismatch in destroy block pos: BlockPos{x=175, y=68, z=-64} BlockPos{x=183, y=68, z=-58}
[22Jan2025 00:05:24.617] [Server thread/WARN] [net.minecraft.server.management.PlayerInteractionManager/]: Mismatch in destroy block pos: BlockPos{x=175, y=68, z=-64} BlockPos{x=183, y=68, z=-57}
[22Jan2025 00:05:24.878] [Server thread/WARN] [net.minecraft.server.management.PlayerInteractionManager/]: Mismatch in destroy block pos: BlockPos{x=175, y=68, z=-64} BlockPos{x=183, y=68, z=-56}
[22Jan2025 00:05:24.886] [Server thread/WARN] [net.minecraft.server.management.PlayerInteractionManager/]: Mismatch in destroy block pos: BlockPos{x=175, y=68, z=-64} BlockPos{x=183, y=68, z=-56}
[22Jan2025 00:05:24.893] [Server thread/WARN] [net.minecraft.server.management.PlayerInteractionManager/]: Mismatch in destroy block pos: BlockPos{x=175, y=68, z=-64} BlockPos{x=183, y=68, z=-56}
[22Jan2025 00:05:24.896] [Server thread/WARN] [net.minecraft.server.management.PlayerInteractionManager/]: Mismatch in destroy block pos: BlockPos{x=175, y=68, z=-64} BlockPos{x=184, y=68, z=-56}
[22Jan2025 00:05:25.093] [Server thread/WARN] [net.minecraft.server.management.PlayerInteractionManager/]: Mismatch in destroy block pos: BlockPos{x=175, y=68, z=-64} BlockPos{x=184, y=68, z=-57}
[22Jan2025 00:05:25.095] [Server thread/WARN] [net.minecraft.server.management.PlayerInteractionManager/]: Mismatch in destroy block pos: BlockPos{x=175, y=68, z=-64} BlockPos{x=185, y=68, z=-57}
[22Jan2025 00:05:25.096] [Server thread/WARN] [net.minecraft.server.management.PlayerInteractionManager/]: Mismatch in destroy block pos: BlockPos{x=175, y=68, z=-64} BlockPos{x=185, y=68, z=-57}
[22Jan2025 00:05:25.098] [Server thread/WARN] [net.minecraft.server.management.PlayerInteractionManager/]: Mismatch in destroy block pos: BlockPos{x=175, y=68, z=-64} BlockPos{x=185, y=68, z=-58}
[22Jan2025 00:05:25.212] [Server thread/WARN] [net.minecraft.server.management.PlayerInteractionManager/]: Mismatch in destroy block pos: BlockPos{x=175, y=68, z=-64} BlockPos{x=185, y=68, z=-59}
[22Jan2025 00:05:25.214] [Server thread/WARN] [net.minecraft.server.management.PlayerInteractionManager/]: Mismatch in destroy block pos: BlockPos{x=175, y=68, z=-64} BlockPos{x=186, y=68, z=-59}
[22Jan2025 00:05:25.340] [Server thread/WARN] [net.minecraft.server.management.PlayerInteractionManager/]: Mismatch in destroy block pos: BlockPos{x=175, y=68, z=-64} BlockPos{x=186, y=68, z=-59}
[22Jan2025 00:05:25.414] [Server thread/WARN] [net.minecraft.server.management.PlayerInteractionManager/]: Mismatch in destroy block pos: BlockPos{x=175, y=68, z=-64} BlockPos{x=186, y=68, z=-58}
[22Jan2025 00:05:25.415] [Server thread/WARN] [net.minecraft.server.management.PlayerInteractionManager/]: Mismatch in destroy block pos: BlockPos{x=175, y=68, z=-64} BlockPos{x=186, y=68, z=-58}
[22Jan2025 00:05:25.492] [Server thread/WARN] [net.minecraft.server.management.PlayerInteractionManager/]: Mismatch in destroy block pos: BlockPos{x=175, y=68, z=-64} BlockPos{x=187, y=68, z=-57}
[22Jan2025 00:05:25.493] [Server thread/WARN] [net.minecraft.server.management.PlayerInteractionManager/]: Mismatch in destroy block pos: BlockPos{x=175, y=68, z=-64} BlockPos{x=187, y=68, z=-57}
[22Jan2025 00:05:25.595] [Server thread/WARN] [net.minecraft.server.management.PlayerInteractionManager/]: Mismatch in destroy block pos: BlockPos{x=175, y=68, z=-64} BlockPos{x=187, y=68, z=-56}
[22Jan2025 00:05:25.689] [Server thread/WARN] [net.minecraft.server.management.PlayerInteractionManager/]: Mismatch in destroy block pos: BlockPos{x=175, y=68, z=-64} BlockPos{x=186, y=68, z=-55}
[22Jan2025 00:05:25.784] [Server thread/WARN] [net.minecraft.server.management.PlayerInteractionManager/]: Mismatch in destroy block pos: BlockPos{x=175, y=68, z=-64} BlockPos{x=186, y=68, z=-54}
[22Jan2025 00:05:25.828] [Server thread/WARN] [net.minecraft.server.management.PlayerInteractionManager/]: Mismatch in destroy block pos: BlockPos{x=175, y=68, z=-64} BlockPos{x=186, y=68, z=-53}
[22Jan2025 00:05:26.171] [Server thread/WARN] [net.minecraft.server.management.PlayerInteractionManager/]: Mismatch in destroy block pos: BlockPos{x=175, y=68, z=-64} BlockPos{x=186, y=68, z=-53}
[22Jan2025 00:05:26.172] [Server thread/WARN] [net.minecraft.server.management.PlayerInteractionManager/]: Mismatch in destroy block pos: BlockPos{x=175, y=68, z=-64} BlockPos{x=186, y=68, z=-52}
[22Jan2025 00:05:26.173] [Server thread/WARN] [net.minecraft.server.management.PlayerInteractionManager/]: Mismatch in destroy block pos: BlockPos{x=175, y=68, z=-64} BlockPos{x=186, y=68, z=-52}
[22Jan2025 00:05:26.174] [Server thread/WARN] [net.minecraft.server.management.PlayerInteractionManager/]: Mismatch in destroy block pos: BlockPos{x=175, y=68, z=-64} BlockPos{x=185, y=68, z=-52}
[22Jan2025 00:05:26.176] [Server thread/WARN] [net.minecraft.server.management.PlayerInteractionManager/]: Mismatch in destroy block pos: BlockPos{x=175, y=68, z=-64} BlockPos{x=185, y=68, z=-51}
[22Jan2025 00:05:26.299] [Server thread/WARN] [net.minecraft.server.management.PlayerInteractionManager/]: Mismatch in destroy block pos: BlockPos{x=175, y=68, z=-64} BlockPos{x=185, y=68, z=-51}
[22Jan2025 00:05:26.302] [Server thread/WARN] [net.minecraft.server.management.PlayerInteractionManager/]: Mismatch in destroy block pos: BlockPos{x=175, y=68, z=-64} BlockPos{x=186, y=68, z=-51}
[22Jan2025 00:05:26.404] [Server thread/WARN] [net.minecraft.server.management.PlayerInteractionManager/]: Mismatch in destroy block pos: BlockPos{x=175, y=68, z=-64} BlockPos{x=187, y=68, z=-52}
[22Jan2025 00:05:26.406] [Server thread/WARN] [net.minecraft.server.management.PlayerInteractionManager/]: Mismatch in destroy block pos: BlockPos{x=175, y=68, z=-64} BlockPos{x=187, y=68, z=-52}
[22Jan2025 00:05:26.487] [Server thread/WARN] [net.minecraft.server.management.PlayerInteractionManager/]: Mismatch in destroy block pos: BlockPos{x=175, y=68, z=-64} BlockPos{x=187, y=68, z=-52}
[22Jan2025 00:05:26.489] [Server thread/WARN] [net.minecraft.server.management.PlayerInteractionManager/]: Mismatch in destroy block pos: BlockPos{x=175, y=68, z=-64} BlockPos{x=188, y=68, z=-53}
[22Jan2025 00:05:26.572] [Server thread/WARN] [net.minecraft.server.management.PlayerInteractionManager/]: Mismatch in destroy block pos: BlockPos{x=175, y=68, z=-64} BlockPos{x=188, y=68, z=-53}
[22Jan2025 00:05:26.610] [Server thread/WARN] [net.minecraft.server.management.PlayerInteractionManager/]: Mismatch in destroy block pos: BlockPos{x=175, y=68, z=-64} BlockPos{x=188, y=68, z=-53}
[22Jan2025 00:05:26.776] [Server thread/WARN] [net.minecraft.server.management.PlayerInteractionManager/]: Mismatch in destroy block pos: BlockPos{x=175, y=68, z=-64} BlockPos{x=189, y=68, z=-55}
[22Jan2025 00:05:26.777] [Server thread/WARN] [net.minecraft.server.management.PlayerInteractionManager/]: Mismatch in destroy block pos: BlockPos{x=175, y=68, z=-64} BlockPos{x=190, y=68, z=-56}
[22Jan2025 00:05:26.868] [Server thread/WARN] [net.minecraft.server.management.PlayerInteractionManager/]: Mismatch in destroy block pos: BlockPos{x=175, y=68, z=-64} BlockPos{x=190, y=68, z=-56}
[22Jan2025 00:05:26.870] [Server thread/WARN] [net.minecraft.server.management.PlayerInteractionManager/]: Mismatch in destroy block pos: BlockPos{x=175, y=68, z=-64} BlockPos{x=190, y=68, z=-56}
[22Jan2025 00:05:26.993] [Server thread/WARN] [net.minecraft.server.management.PlayerInteractionManager/]: Mismatch in destroy block pos: BlockPos{x=175, y=68, z=-64} BlockPos{x=190, y=68, z=-57}
[22Jan2025 00:05:27.141] [Server thread/WARN] [net.minecraft.server.management.PlayerInteractionManager/]: Mismatch in destroy block pos: BlockPos{x=175, y=68, z=-64} BlockPos{x=190, y=68, z=-57}
[22Jan2025 00:05:27.143] [Server thread/WARN] [net.minecraft.server.management.PlayerInteractionManager/]: Mismatch in destroy block pos: BlockPos{x=175, y=68, z=-64} BlockPos{x=191, y=68, z=-57}
[22Jan2025 00:05:27.326] [Server thread/WARN] [net.minecraft.server.management.PlayerInteractionManager/]: Mismatch in destroy block pos: BlockPos{x=175, y=68, z=-64} BlockPos{x=191, y=69, z=-56}
[22Jan2025 00:05:27.607] [Server thread/WARN] [net.minecraft.server.management.PlayerInteractionManager/]: Mismatch in destroy block pos: BlockPos{x=175, y=68, z=-64} BlockPos{x=192, y=69, z=-56}
[22Jan2025 00:05:27.751] [Server thread/WARN] [net.minecraft.server.management.PlayerInteractionManager/]: Mismatch in destroy block pos: BlockPos{x=175, y=68, z=-64} BlockPos{x=195, y=69, z=-56}
[22Jan2025 00:05:27.753] [Server thread/WARN] [net.minecraft.server.management.PlayerInteractionManager/]: Mismatch in destroy block pos: BlockPos{x=175, y=68, z=-64} BlockPos{x=194, y=69, z=-56}
[22Jan2025 00:05:27.846] [Server thread/WARN] [net.minecraft.server.management.PlayerInteractionManager/]: Mismatch in destroy block pos: BlockPos{x=175, y=68, z=-64} BlockPos{x=194, y=69, z=-56}
[22Jan2025 00:05:27.847] [Server thread/WARN] [net.minecraft.server.management.PlayerInteractionManager/]: Mismatch in destroy block pos: BlockPos{x=175, y=68, z=-64} BlockPos{x=194, y=69, z=-56}
[22Jan2025 00:05:27.922] [Server thread/WARN] [net.minecraft.server.management.PlayerInteractionManager/]: Mismatch in destroy block pos: BlockPos{x=175, y=68, z=-64} BlockPos{x=194, y=69, z=-57}
[22Jan2025 00:05:28.137] [Server thread/WARN] [net.minecraft.server.management.PlayerInteractionManager/]: Mismatch in destroy block pos: BlockPos{x=175, y=68, z=-64} BlockPos{x=195, y=69, z=-57}
[22Jan2025 00:05:28.192] [Server thread/WARN] [net.minecraft.server.management.PlayerInteractionManager/]: Mismatch in destroy block pos: BlockPos{x=175, y=68, z=-64} BlockPos{x=196, y=69, z=-57}
[22Jan2025 00:05:28.334] [Server thread/WARN] [net.minecraft.server.management.PlayerInteractionManager/]: Mismatch in destroy block pos: BlockPos{x=175, y=68, z=-64} BlockPos{x=196, y=69, z=-56}
[22Jan2025 00:05:28.436] [Server thread/WARN] [net.minecraft.server.management.PlayerInteractionManager/]: Mismatch in destroy block pos: BlockPos{x=175, y=68, z=-64} BlockPos{x=197, y=69, z=-56}
[22Jan2025 00:05:28.635] [Server thread/WARN] [net.minecraft.server.management.PlayerInteractionManager/]: Mismatch in destroy block pos: BlockPos{x=175, y=68, z=-64} BlockPos{x=197, y=69, z=-55}
[22Jan2025 00:05:28.639] [Server thread/WARN] [net.minecraft.server.management.PlayerInteractionManager/]: Mismatch in destroy block pos: BlockPos{x=175, y=68, z=-64} BlockPos{x=197, y=69, z=-55}
[22Jan2025 00:05:28.787] [Server thread/WARN] [net.minecraft.server.management.PlayerInteractionManager/]: Mismatch in destroy block pos: BlockPos{x=175, y=68, z=-64} BlockPos{x=197, y=69, z=-54}
[22Jan2025 00:05:28.789] [Server thread/WARN] [net.minecraft.server.management.PlayerInteractionManager/]: Mismatch in destroy block pos: BlockPos{x=175, y=68, z=-64} BlockPos{x=197, y=69, z=-55}
[22Jan2025 00:05:28.918] [Server thread/WARN] [net.minecraft.server.management.PlayerInteractionManager/]: Mismatch in destroy block pos: BlockPos{x=175, y=68, z=-64} BlockPos{x=197, y=69, z=-56}
[22Jan2025 00:05:28.964] [Server thread/WARN] [net.minecraft.server.management.PlayerInteractionManager/]: Mismatch in destroy block pos: BlockPos{x=175, y=68, z=-64} BlockPos{x=197, y=69, z=-56}
[22Jan2025 00:05:29.824] [Server thread/WARN] [net.minecraft.server.management.PlayerInteractionManager/]: Mismatch in destroy block pos: BlockPos{x=175, y=68, z=-64} BlockPos{x=199, y=68, z=-59}
[22Jan2025 00:05:29.940] [Server thread/WARN] [net.minecraft.server.management.PlayerInteractionManager/]: Mismatch in destroy block pos: BlockPos{x=175, y=68, z=-64} BlockPos{x=199, y=68, z=-59}
[22Jan2025 00:05:29.989] [Server thread/WARN] [net.minecraft.server.management.PlayerInteractionManager/]: Mismatch in destroy block pos: BlockPos{x=175, y=68, z=-64} BlockPos{x=199, y=68, z=-59}
[22Jan2025 00:05:30.153] [Server thread/WARN] [net.minecraft.server.management.PlayerInteractionManager/]: Mismatch in destroy block pos: BlockPos{x=175, y=68, z=-64} BlockPos{x=200, y=68, z=-59}
[22Jan2025 00:05:30.155] [Server thread/WARN] [net.minecraft.server.management.PlayerInteractionManager/]: Mismatch in destroy block pos: BlockPos{x=175, y=68, z=-64} BlockPos{x=201, y=68, z=-59}
[22Jan2025 00:05:30.326] [Server thread/WARN] [net.minecraft.server.management.PlayerInteractionManager/]: Mismatch in destroy block pos: BlockPos{x=175, y=68, z=-64} BlockPos{x=201, y=68, z=-59}
[22Jan2025 00:05:30.328] [Server thread/WARN] [net.minecraft.server.management.PlayerInteractionManager/]: Mismatch in destroy block pos: BlockPos{x=175, y=68, z=-64} BlockPos{x=202, y=68, z=-59}
[22Jan2025 00:05:30.585] [Server thread/WARN] [net.minecraft.server.management.PlayerInteractionManager/]: Mismatch in destroy block pos: BlockPos{x=175, y=68, z=-64} BlockPos{x=202, y=68, z=-58}
[22Jan2025 00:05:30.586] [Server thread/WARN] [net.minecraft.server.management.PlayerInteractionManager/]: Mismatch in destroy block pos: BlockPos{x=175, y=68, z=-64} BlockPos{x=202, y=68, z=-58}
[22Jan2025 00:05:30.770] [Server thread/WARN] [net.minecraft.server.management.PlayerInteractionManager/]: Mismatch in destroy block pos: BlockPos{x=175, y=68, z=-64} BlockPos{x=203, y=68, z=-57}
[22Jan2025 00:05:30.975] [Server thread/WARN] [net.minecraft.server.management.PlayerInteractionManager/]: Mismatch in destroy block pos: BlockPos{x=175, y=68, z=-64} BlockPos{x=203, y=68, z=-56}
[22Jan2025 00:05:30.978] [Server thread/WARN] [net.minecraft.server.management.PlayerInteractionManager/]: Mismatch in destroy block pos: BlockPos{x=175, y=68, z=-64} BlockPos{x=204, y=68, z=-56}
[22Jan2025 00:05:30.979] [Server thread/WARN] [net.minecraft.server.management.PlayerInteractionManager/]: Mismatch in destroy block pos: BlockPos{x=175, y=68, z=-64} BlockPos{x=204, y=68, z=-57}
[22Jan2025 00:05:30.981] [Server thread/WARN] [net.minecraft.server.management.PlayerInteractionManager/]: Mismatch in destroy block pos: BlockPos{x=175, y=68, z=-64} BlockPos{x=204, y=68, z=-58}
[22Jan2025 00:05:31.077] [Server thread/WARN] [net.minecraft.server.management.PlayerInteractionManager/]: Mismatch in destroy block pos: BlockPos{x=175, y=68, z=-64} BlockPos{x=204, y=68, z=-59}
[22Jan2025 00:05:31.166] [Server thread/WARN] [net.minecraft.server.management.PlayerInteractionManager/]: Mismatch in destroy block pos: BlockPos{x=175, y=68, z=-64} BlockPos{x=205, y=68, z=-59}
[22Jan2025 00:05:31.261] [Server thread/WARN] [net.minecraft.server.management.PlayerInteractionManager/]: Mismatch in destroy block pos: BlockPos{x=175, y=68, z=-64} BlockPos{x=205, y=68, z=-59}
[22Jan2025 00:05:31.262] [Server thread/WARN] [net.minecraft.server.management.PlayerInteractionManager/]: Mismatch in destroy block pos: BlockPos{x=175, y=68, z=-64} BlockPos{x=205, y=68, z=-60}
[22Jan2025 00:05:31.320] [Server thread/WARN] [net.minecraft.server.management.PlayerInteractionManager/]: Mismatch in destroy block pos: BlockPos{x=175, y=68, z=-64} BlockPos{x=205, y=68, z=-61}
[22Jan2025 00:05:31.599] [Server thread/WARN] [net.minecraft.server.management.PlayerInteractionManager/]: Mismatch in destroy block pos: BlockPos{x=175, y=68, z=-64} BlockPos{x=205, y=68, z=-60}
[22Jan2025 00:05:31.600] [Server thread/WARN] [net.minecraft.server.management.PlayerInteractionManager/]: Mismatch in destroy block pos: BlockPos{x=175, y=68, z=-64} BlockPos{x=205, y=68, z=-60}
[22Jan2025 00:05:31.600] [Server thread/WARN] [net.minecraft.server.management.PlayerInteractionManager/]: Mismatch in destroy block pos: BlockPos{x=175, y=68, z=-64} BlockPos{x=206, y=68, z=-59}
[22Jan2025 00:05:31.640] [Server thread/WARN] [net.minecraft.server.management.PlayerInteractionManager/]: Mismatch in destroy block pos: BlockPos{x=175, y=68, z=-64} BlockPos{x=206, y=68, z=-59}
[22Jan2025 00:05:31.688] [Server thread/WARN] [net.minecraft.server.management.PlayerInteractionManager/]: Mismatch in destroy block pos: BlockPos{x=175, y=68, z=-64} BlockPos{x=206, y=68, z=-58}
[22Jan2025 00:05:31.807] [Server thread/WARN] [net.minecraft.server.management.PlayerInteractionManager/]: Mismatch in destroy block pos: BlockPos{x=175, y=68, z=-64} BlockPos{x=206, y=68, z=-57}
[22Jan2025 00:05:31.881] [Server thread/WARN] [net.minecraft.server.management.PlayerInteractionManager/]: Mismatch in destroy block pos: BlockPos{x=175, y=68, z=-64} BlockPos{x=206, y=68, z=-57}
[22Jan2025 00:05:31.945] [Server thread/WARN] [net.minecraft.server.management.PlayerInteractionManager/]: Mismatch in destroy block pos: BlockPos{x=175, y=68, z=-64} BlockPos{x=207, y=68, z=-57}
[22Jan2025 00:05:32.629] [Server thread/WARN] [net.minecraft.server.management.PlayerInteractionManager/]: Mismatch in destroy block pos: BlockPos{x=209, y=68, z=-57} BlockPos{x=208, y=68, z=-57}
[22Jan2025 00:05:33.800] [Server thread/WARN] [net.minecraft.server.management.PlayerInteractionManager/]: Mismatch in destroy block pos: BlockPos{x=214, y=69, z=-64} BlockPos{x=214, y=67, z=-63}
[22Jan2025 00:05:40.884] [Server thread/WARN] [net.minecraft.server.MinecraftServer/]: Can't keep up! Is the server overloaded? Running 5417ms or 108 ticks behind
[22Jan2025 00:05:44.843] [Server thread/INFO] [harmonised.pmmo.network.MessageLevelUp/]: HolaSoyNuev0 has reached level 3 in agility! [minecraft:overworld|x:276.88|y:73.25|z:-59.20]
[22Jan2025 00:05:45.925] [Server thread/INFO] [harmonised.pmmo.network.MessageLevelUp/]: [CREADOR] [PeneTactico] jony33D ② has reached level 34 in agility! [minecraft:overworld|x:854.35|y:65.20|z:1666.33]
[22Jan2025 00:06:08.019] [Server thread/WARN] [net.minecraft.server.management.PlayerInteractionManager/]: Mismatch in destroy block pos: BlockPos{x=249, y=73, z=-161} BlockPos{x=247, y=71, z=-161}
[22Jan2025 00:06:10.055] [Server thread/WARN] [net.minecraft.server.management.PlayerInteractionManager/]: Mismatch in destroy block pos: BlockPos{x=261, y=73, z=-158} BlockPos{x=261, y=71, z=-158}
[22Jan2025 00:06:10.190] [Server thread/WARN] [net.minecraft.server.management.PlayerInteractionManager/]: Mismatch in destroy block pos: BlockPos{x=261, y=73, z=-158} BlockPos{x=261, y=71, z=-158}
[22Jan2025 00:06:10.709] [Server thread/WARN] [net.minecraft.server.management.PlayerInteractionManager/]: Mismatch in destroy block pos: BlockPos{x=264, y=72, z=-157} BlockPos{x=263, y=71, z=-156}
[22Jan2025 00:06:11.281] [Server thread/WARN] [net.minecraft.server.management.PlayerInteractionManager/]: Mismatch in destroy block pos: BlockPos{x=263, y=73, z=-152} BlockPos{x=263, y=71, z=-152}
[22Jan2025 00:06:12.057] [Server thread/WARN] [net.minecraft.server.MinecraftServer/]: Can't keep up! Is the server overloaded? Running 16189ms or 323 ticks behind
[22Jan2025 00:06:13.373] [Server thread/WARN] [net.minecraft.server.management.PlayerInteractionManager/]: Mismatch in destroy block pos: BlockPos{x=257, y=72, z=-153} BlockPos{x=257, y=71, z=-154}
[22Jan2025 00:06:13.930] [Server thread/WARN] [net.minecraft.server.management.PlayerInteractionManager/]: Mismatch in destroy block pos: BlockPos{x=257, y=72, z=-152} BlockPos{x=258, y=71, z=-152}
[22Jan2025 00:06:13.933] [Server thread/WARN] [net.minecraft.server.management.PlayerInteractionManager/]: Mismatch in destroy block pos: BlockPos{x=257, y=72, z=-152} BlockPos{x=258, y=71, z=-152}
[22Jan2025 00:06:14.994] [Server thread/WARN] [net.minecraft.server.management.PlayerInteractionManager/]: Mismatch in destroy block pos: BlockPos{x=264, y=72, z=-154} BlockPos{x=263, y=71, z=-153}
[22Jan2025 00:06:15.492] [Server thread/WARN] [net.minecraft.server.management.PlayerInteractionManager/]: Mismatch in destroy block pos: BlockPos{x=267, y=73, z=-154} BlockPos{x=267, y=71, z=-154}
[22Jan2025 00:06:24.259] [Server thread/INFO] [harmonised.pmmo.network.MessageLevelUp/]: HolaSoyNuev0 has reached level 2 in farming! [minecraft:overworld|x:304.57|y:71.25|z:-175.76]
[22Jan2025 00:06:27.737] [Server thread/INFO] [harmonised.pmmo.network.MessageLevelUp/]: HolaSoyNuev0 has reached level 4 in agility! [minecraft:overworld|x:296.10|y:75.25|z:-191.48]
[22Jan2025 00:06:31.010] [Server thread/WARN] [net.minecraft.server.MinecraftServer/]: Can't keep up! Is the server overloaded? Running 3992ms or 79 ticks behind
[22Jan2025 00:06:59.118] [Server thread/INFO] [harmonised.pmmo.network.MessageLevelUp/]: HolaSoyNuev0 has reached level 2 in endurance! [minecraft:overworld|x:196.70|y:69.00|z:-236.95]
[22Jan2025 00:07:14.258] [Server thread/INFO] [net.minecraftforge.common.AdvancementLoadFix/]: Using new advancement loading for net.minecraft.advancements.PlayerAdvancements@6e35b212
[22Jan2025 00:07:14.302] [Server thread/INFO] [net.minecraft.server.management.PlayerList/]: phantyUwU[/127.30.4.252:47389] logged in with entity id 6021 at (509.5, 50.6875, -365.5)
[22Jan2025 00:07:14.305] [Server thread/INFO] [net.minecraft.server.dedicated.DedicatedServer/]: phantyUwU joined the game
[22Jan2025 00:07:14.367] [Server thread/INFO] [harmonised.pmmo.ProjectMMOMod/]: Project MMO version: "3.69.0" Latest: "3.67"
[22Jan2025 00:07:26.345] [Server thread/WARN] [net.minecraft.server.MinecraftServer/]: Can't keep up! Is the server overloaded? Running 2028ms or 40 ticks behind
[22Jan2025 00:07:37.115] [Server thread/INFO] [harmonised.pmmo.network.MessageLevelUp/]: HolaSoyNuev0 has reached level 3 in endurance! [minecraft:overworld|x:207.68|y:63.00|z:-189.72]
[22Jan2025 00:07:40.135] [Server thread/INFO] [harmonised.pmmo.network.MessageLevelUp/]: HolaSoyNuev0 has reached level 5 in agility! [minecraft:overworld|x:198.28|y:65.00|z:-176.26]
[22Jan2025 00:07:50.319] [Server thread/WARN] [net.minecraft.server.MinecraftServer/]: Can't keep up! Is the server overloaded? Running 9001ms or 180 ticks behind
[22Jan2025 00:08:07.631] [Server thread/WARN] [net.minecraft.server.MinecraftServer/]: Can't keep up! Is the server overloaded? Running 2013ms or 40 ticks behind
